2024-12-29 14:48:46,696 [nREPL-session-4c6b191f-954f-4f86-8a9c-3d69235e4883] INFO  kit.config - Reading config system.edn 
2024-12-29 14:48:46,763 [nREPL-session-4c6b191f-954f-4f86-8a9c-3d69235e4883] DEBUG org.jboss.logging - Logging Provider: org.jboss.logging.Slf4jLoggerProvider 
2024-12-29 14:48:46,771 [nREPL-session-4c6b191f-954f-4f86-8a9c-3d69235e4883] INFO  org.xnio - XNIO version 3.8.8.Final 
2024-12-29 14:48:46,846 [nREPL-session-4c6b191f-954f-4f86-8a9c-3d69235e4883] DEBUG org.xnio - Creating worker:null, pool size:64, max pool size:64, keep alive:60000, io threads:8, stack size:0 
2024-12-29 14:48:46,853 [nREPL-session-4c6b191f-954f-4f86-8a9c-3d69235e4883] INFO  org.jboss.threads - JBoss Threads version 3.5.0.Final 
2024-12-29 14:48:46,897 [nREPL-session-4c6b191f-954f-4f86-8a9c-3d69235e4883] INFO  kit.edge.server.undertow - server started on port 3000 
2024-12-29 14:57:19,164 [main] INFO  kit.config - Reading config system.edn 
2024-12-29 14:57:19,247 [main] DEBUG org.jboss.logging - Logging Provider: org.jboss.logging.Slf4jLoggerProvider 
2024-12-29 14:57:19,255 [main] INFO  org.xnio - XNIO version 3.8.8.Final 
2024-12-29 14:57:19,319 [main] DEBUG org.xnio - Creating worker:null, pool size:64, max pool size:64, keep alive:60000, io threads:8, stack size:0 
2024-12-29 14:57:19,327 [main] INFO  org.jboss.threads - JBoss Threads version 3.5.0.Final 
2024-12-29 14:57:19,372 [main] ERROR kit.edge.server.undertow - server failed to start on port: 3000 
java.lang.RuntimeException: java.net.BindException: Address already in use
	at io.undertow.Undertow.start(Undertow.java:254)
	at ring.adapter.undertow$run_undertow.invokeStatic(undertow.clj:170)
	at ring.adapter.undertow$run_undertow.invoke(undertow.clj:123)
	at kit.edge.server.undertow$start.invokeStatic(undertow.clj:9)
	at kit.edge.server.undertow$start.invoke(undertow.clj:7)
	at kit.edge.server.undertow$eval13981$fn__13982.invoke(undertow.clj:29)
	at clojure.lang.MultiFn.invoke(MultiFn.java:234)
	at integrant.core$try_build_action.invokeStatic(core.cljc:332)
	at integrant.core$try_build_action.invoke(core.cljc:331)
	at integrant.core$build_key.invokeStatic(core.cljc:340)
	at integrant.core$build_key.invoke(core.cljc:336)
	at clojure.core$partial$fn__5931.invoke(core.clj:2656)
	at clojure.core.protocols$fn__8275.invokeStatic(protocols.clj:167)
	at clojure.core.protocols$fn__8275.invoke(protocols.clj:123)
	at clojure.core.protocols$fn__8229$G__8224__8238.invoke(protocols.clj:19)
	at clojure.core.protocols$seq_reduce.invokeStatic(protocols.clj:31)
	at clojure.core.protocols$fn__8262.invokeStatic(protocols.clj:74)
	at clojure.core.protocols$fn__8262.invoke(protocols.clj:74)
	at clojure.core.protocols$fn__8203$G__8198__8216.invoke(protocols.clj:13)
	at clojure.core$reduce.invokeStatic(core.clj:6965)
	at clojure.core$reduce.invoke(core.clj:6947)
	at integrant.core$build.invokeStatic(core.cljc:364)
	at integrant.core$build.invoke(core.cljc:343)
	at integrant.core$init.invokeStatic(core.cljc:530)
	at integrant.core$init.invoke(core.cljc:522)
	at integrant.core$init.invokeStatic(core.cljc:527)
	at integrant.core$init.invoke(core.cljc:522)
	at integrant.repl$init_system$fn__3997.invoke(repl.clj:37)
	at integrant.repl$build_system.invokeStatic(repl.clj:24)
	at integrant.repl$build_system.invoke(repl.clj:22)
	at integrant.repl$init_system.invokeStatic(repl.clj:34)
	at integrant.repl$init_system.invoke(repl.clj:33)
	at integrant.repl$init$fn__4009.invoke(repl.clj:54)
	at clojure.lang.AFn.applyToHelper(AFn.java:154)
	at clojure.lang.AFn.applyTo(AFn.java:144)
	at clojure.lang.Var.alterRoot(Var.java:310)
	at clojure.core$alter_var_root.invokeStatic(core.clj:5563)
	at clojure.core$alter_var_root.doInvoke(core.clj:5558)
	at clojure.lang.RestFn.invoke(RestFn.java:428)
	at integrant.repl$init.invokeStatic(repl.clj:52)
	at integrant.repl$init.invoke(repl.clj:49)
	at integrant.repl$go.invokeStatic(repl.clj:61)
	at integrant.repl$go.invoke(repl.clj:57)
	at integrant.repl$go.invokeStatic(repl.clj:58)
	at integrant.repl$go.invoke(repl.clj:57)
	at user$eval25322.invokeStatic(NO_SOURCE_FILE:1)
	at user$eval25322.invoke(NO_SOURCE_FILE:1)
	at clojure.lang.Compiler.eval(Compiler.java:7700)
	at clojure.lang.Compiler.eval(Compiler.java:7655)
	at clojure.core$eval.invokeStatic(core.clj:3232)
	at clojure.core$eval.invoke(core.clj:3228)
	at clojure.main$repl$read_eval_print__9244$fn__9247.invoke(main.clj:437)
	at clojure.main$repl$read_eval_print__9244.invoke(main.clj:437)
	at clojure.main$repl$fn__9253.invoke(main.clj:459)
	at clojure.main$repl.invokeStatic(main.clj:459)
	at clojure.main$repl_opt.invokeStatic(main.clj:523)
	at clojure.main$main.invokeStatic(main.clj:668)
	at clojure.main$main.doInvoke(main.clj:617)
	at clojure.lang.RestFn.invoke(RestFn.java:400)
	at clojure.lang.AFn.applyToHelper(AFn.java:152)
	at clojure.lang.RestFn.applyTo(RestFn.java:135)
	at clojure.lang.Var.applyTo(Var.java:707)
	at clojure.main.main(main.java:40)
Caused by: java.net.BindException: Address already in use
	at java.base/sun.nio.ch.Net.bind0(Native Method)
	at java.base/sun.nio.ch.Net.bind(Net.java:565)
	at java.base/sun.nio.ch.ServerSocketChannelImpl.netBind(ServerSocketChannelImpl.java:344)
	at java.base/sun.nio.ch.ServerSocketChannelImpl.bind(ServerSocketChannelImpl.java:301)
	at java.base/sun.nio.ch.ServerSocketAdaptor.bind(ServerSocketAdaptor.java:89)
	at org.xnio.nio.NioXnioWorker.createTcpConnectionServer(NioXnioWorker.java:178)
	at org.xnio.XnioWorker.createStreamConnectionServer(XnioWorker.java:310)
	at io.undertow.Undertow.start(Undertow.java:196)
	... 62 common frames omitted
